0 info it worked if it ends with ok
1 verbose cli [ '/usr/bin/nodejs',
1 verbose cli   '/usr/bin/npm',
1 verbose cli   'install',
1 verbose cli   'express-generator',
1 verbose cli   '-g' ]
2 info using npm@3.5.2
3 info using node@v4.2.6
4 silly loadCurrentTree Starting
5 silly install loadCurrentTree
6 silly install readGlobalPackageData
7 silly fetchPackageMetaData express-generator
8 silly fetchNamedPackageData express-generator
9 silly mapToRegistry name express-generator
10 silly mapToRegistry using default registry
11 silly mapToRegistry registry https://registry.npmjs.org/
12 silly mapToRegistry uri https://registry.npmjs.org/express-generator
13 verbose request uri https://registry.npmjs.org/express-generator
14 verbose request no auth needed
15 info attempt registry request try #1 at 7:29:57 AM
16 verbose request id 799a464d0aa900f7
17 http request GET https://registry.npmjs.org/express-generator
18 http 200 https://registry.npmjs.org/express-generator
19 verbose headers { server: 'nginx/1.10.1',
19 verbose headers   'content-type': 'application/json',
19 verbose headers   'last-modified': 'Wed, 28 Jun 2017 04:22:41 GMT',
19 verbose headers   etag: 'W/"59532f11-9ef8"',
19 verbose headers   'content-encoding': 'gzip',
19 verbose headers   'cache-control': 'max-age=300',
19 verbose headers   'content-length': '4787',
19 verbose headers   'accept-ranges': 'bytes',
19 verbose headers   date: 'Thu, 29 Jun 2017 04:30:00 GMT',
19 verbose headers   via: '1.1 varnish',
19 verbose headers   age: '0',
19 verbose headers   connection: 'keep-alive',
19 verbose headers   'x-served-by': 'cache-jnb7523-JNB',
19 verbose headers   'x-cache': 'MISS',
19 verbose headers   'x-cache-hits': '0',
19 verbose headers   'x-timer': 'S1498710599.444964,VS0,VE734',
19 verbose headers   vary: 'Accept-Encoding' }
20 silly get cb [ 200,
20 silly get   { server: 'nginx/1.10.1',
20 silly get     'content-type': 'application/json',
20 silly get     'last-modified': 'Wed, 28 Jun 2017 04:22:41 GMT',
20 silly get     etag: 'W/"59532f11-9ef8"',
20 silly get     'content-encoding': 'gzip',
20 silly get     'cache-control': 'max-age=300',
20 silly get     'content-length': '4787',
20 silly get     'accept-ranges': 'bytes',
20 silly get     date: 'Thu, 29 Jun 2017 04:30:00 GMT',
20 silly get     via: '1.1 varnish',
20 silly get     age: '0',
20 silly get     connection: 'keep-alive',
20 silly get     'x-served-by': 'cache-jnb7523-JNB',
20 silly get     'x-cache': 'MISS',
20 silly get     'x-cache-hits': '0',
20 silly get     'x-timer': 'S1498710599.444964,VS0,VE734',
20 silly get     vary: 'Accept-Encoding' } ]
21 verbose get saving express-generator to /home/dickson/.npm/registry.npmjs.org/express-generator/.cache.json
22 silly install normalizeTree
23 silly loadCurrentTree Finishing
24 silly loadIdealTree Starting
25 silly install loadIdealTree
26 silly cloneCurrentTree Starting
27 silly install cloneCurrentTreeToIdealTree
28 silly cloneCurrentTree Finishing
29 silly loadShrinkwrap Starting
30 silly install loadShrinkwrap
31 silly loadShrinkwrap Finishing
32 silly loadAllDepsIntoIdealTree Starting
33 silly install loadAllDepsIntoIdealTree
34 silly resolveWithNewModule express-generator@4.15.0 checking installable status
35 silly cache add args [ 'express-generator', null ]
36 verbose cache add spec express-generator
37 silly cache add parsed spec Result {
37 silly cache add   raw: 'express-generator',
37 silly cache add   scope: null,
37 silly cache add   name: 'express-generator',
37 silly cache add   rawSpec: '',
37 silly cache add   spec: 'latest',
37 silly cache add   type: 'tag' }
38 silly addNamed express-generator@latest
39 verbose addNamed "latest" is being treated as a dist-tag for express-generator
40 info addNameTag [ 'express-generator', 'latest' ]
41 silly mapToRegistry name express-generator
42 silly mapToRegistry using default registry
43 silly mapToRegistry registry https://registry.npmjs.org/
44 silly mapToRegistry uri https://registry.npmjs.org/express-generator
45 verbose addNameTag registry:https://registry.npmjs.org/express-generator not in flight; fetching
46 verbose get https://registry.npmjs.org/express-generator not expired, no request
47 silly addNameTag next cb for express-generator with tag latest
48 silly addNamed express-generator@4.15.0
49 verbose addNamed "4.15.0" is a plain semver version for express-generator
50 silly mapToRegistry name express-generator
51 silly mapToRegistry using default registry
52 silly mapToRegistry registry https://registry.npmjs.org/
53 silly mapToRegistry uri https://registry.npmjs.org/express-generator
54 verbose addRemoteTarball https://registry.npmjs.org/express-generator/-/express-generator-4.15.0.tgz not in flight; adding
55 verbose addRemoteTarball [ 'https://registry.npmjs.org/express-generator/-/express-generator-4.15.0.tgz',
55 verbose addRemoteTarball   '81ba5ca8db9ceeaee281a08f5ad5c3f472430006' ]
56 info retry fetch attempt 1 at 7:30:00 AM
57 info attempt registry request try #1 at 7:30:00 AM
58 http fetch GET https://registry.npmjs.org/express-generator/-/express-generator-4.15.0.tgz
59 http fetch 200 https://registry.npmjs.org/express-generator/-/express-generator-4.15.0.tgz
60 silly fetchAndShaCheck shasum 81ba5ca8db9ceeaee281a08f5ad5c3f472430006
61 verbose addTmpTarball /tmp/npm-5611-f1822692/registry.npmjs.org/express-generator/-/express-generator-4.15.0.tgz not in flight; adding
62 verbose addTmpTarball already have metadata; skipping unpack for express-generator@4.15.0
63 silly cache afterAdd express-generator@4.15.0
64 verbose afterAdd /home/dickson/.npm/express-generator/4.15.0/package/package.json not in flight; writing
65 verbose afterAdd /home/dickson/.npm/express-generator/4.15.0/package/package.json written
66 silly fetchNamedPackageData commander
67 silly mapToRegistry name commander
68 silly mapToRegistry using default registry
69 silly mapToRegistry registry https://registry.npmjs.org/
70 silly mapToRegistry uri https://registry.npmjs.org/commander
71 silly fetchNamedPackageData ejs
72 silly mapToRegistry name ejs
73 silly mapToRegistry using default registry
74 silly mapToRegistry registry https://registry.npmjs.org/
75 silly mapToRegistry uri https://registry.npmjs.org/ejs
76 silly fetchNamedPackageData mkdirp
77 silly mapToRegistry name mkdirp
78 silly mapToRegistry using default registry
79 silly mapToRegistry registry https://registry.npmjs.org/
80 silly mapToRegistry uri https://registry.npmjs.org/mkdirp
81 silly fetchNamedPackageData sorted-object
82 silly mapToRegistry name sorted-object
83 silly mapToRegistry using default registry
84 silly mapToRegistry registry https://registry.npmjs.org/
85 silly mapToRegistry uri https://registry.npmjs.org/sorted-object
86 verbose request uri https://registry.npmjs.org/sorted-object
87 verbose request no auth needed
88 info attempt registry request try #1 at 7:30:02 AM
89 http request GET https://registry.npmjs.org/sorted-object
90 verbose request uri https://registry.npmjs.org/ejs
91 verbose request no auth needed
92 info attempt registry request try #1 at 7:30:02 AM
93 http request GET https://registry.npmjs.org/ejs
94 verbose request uri https://registry.npmjs.org/commander
95 verbose request no auth needed
96 info attempt registry request try #1 at 7:30:02 AM
97 verbose etag W/"5909bf59-1033f"
98 verbose lastModified Wed, 03 May 2017 11:30:33 GMT
99 http request GET https://registry.npmjs.org/commander
100 verbose request uri https://registry.npmjs.org/mkdirp
101 verbose request no auth needed
102 info attempt registry request try #1 at 7:30:02 AM
103 verbose etag W/"5903ef53-6370"
104 verbose lastModified Sat, 29 Apr 2017 01:41:39 GMT
105 http request GET https://registry.npmjs.org/mkdirp
106 http 200 https://registry.npmjs.org/ejs
107 verbose headers { server: 'nginx/1.10.1',
107 verbose headers   'content-type': 'application/json',
107 verbose headers   'last-modified': 'Sun, 25 Jun 2017 22:48:40 GMT',
107 verbose headers   etag: 'W/"59503dc8-10adb"',
107 verbose headers   'content-encoding': 'gzip',
107 verbose headers   'cache-control': 'max-age=300',
107 verbose headers   'content-length': '10873',
107 verbose headers   'accept-ranges': 'bytes',
107 verbose headers   date: 'Thu, 29 Jun 2017 04:30:03 GMT',
107 verbose headers   via: '1.1 varnish',
107 verbose headers   age: '81',
107 verbose headers   connection: 'keep-alive',
107 verbose headers   'x-served-by': 'cache-jnb7521-JNB',
107 verbose headers   'x-cache': 'HIT',
107 verbose headers   'x-cache-hits': '1',
107 verbose headers   'x-timer': 'S1498710604.626256,VS0,VE0',
107 verbose headers   vary: 'Accept-Encoding' }
108 silly get cb [ 200,
108 silly get   { server: 'nginx/1.10.1',
108 silly get     'content-type': 'application/json',
108 silly get     'last-modified': 'Sun, 25 Jun 2017 22:48:40 GMT',
108 silly get     etag: 'W/"59503dc8-10adb"',
108 silly get     'content-encoding': 'gzip',
108 silly get     'cache-control': 'max-age=300',
108 silly get     'content-length': '10873',
108 silly get     'accept-ranges': 'bytes',
108 silly get     date: 'Thu, 29 Jun 2017 04:30:03 GMT',
108 silly get     via: '1.1 varnish',
108 silly get     age: '81',
108 silly get     connection: 'keep-alive',
108 silly get     'x-served-by': 'cache-jnb7521-JNB',
108 silly get     'x-cache': 'HIT',
108 silly get     'x-cache-hits': '1',
108 silly get     'x-timer': 'S1498710604.626256,VS0,VE0',
108 silly get     vary: 'Accept-Encoding' } ]
109 verbose get saving ejs to /home/dickson/.npm/registry.npmjs.org/ejs/.cache.json
110 http 200 https://registry.npmjs.org/mkdirp
111 verbose headers { server: 'nginx/1.10.1',
111 verbose headers   'content-type': 'application/json',
111 verbose headers   'last-modified': 'Wed, 28 Jun 2017 07:06:53 GMT',
111 verbose headers   etag: 'W/"5953558d-64c2"',
111 verbose headers   'content-encoding': 'gzip',
111 verbose headers   'cache-control': 'max-age=300',
111 verbose headers   'content-length': '5063',
111 verbose headers   'accept-ranges': 'bytes',
111 verbose headers   date: 'Thu, 29 Jun 2017 04:30:03 GMT',
111 verbose headers   via: '1.1 varnish',
111 verbose headers   age: '147',
111 verbose headers   connection: 'keep-alive',
111 verbose headers   'x-served-by': 'cache-jnb7522-JNB',
111 verbose headers   'x-cache': 'HIT',
111 verbose headers   'x-cache-hits': '7',
111 verbose headers   'x-timer': 'S1498710604.723688,VS0,VE0',
111 verbose headers   vary: 'Accept-Encoding' }
112 silly get cb [ 200,
112 silly get   { server: 'nginx/1.10.1',
112 silly get     'content-type': 'application/json',
112 silly get     'last-modified': 'Wed, 28 Jun 2017 07:06:53 GMT',
112 silly get     etag: 'W/"5953558d-64c2"',
112 silly get     'content-encoding': 'gzip',
112 silly get     'cache-control': 'max-age=300',
112 silly get     'content-length': '5063',
112 silly get     'accept-ranges': 'bytes',
112 silly get     date: 'Thu, 29 Jun 2017 04:30:03 GMT',
112 silly get     via: '1.1 varnish',
112 silly get     age: '147',
112 silly get     connection: 'keep-alive',
112 silly get     'x-served-by': 'cache-jnb7522-JNB',
112 silly get     'x-cache': 'HIT',
112 silly get     'x-cache-hits': '7',
112 silly get     'x-timer': 'S1498710604.723688,VS0,VE0',
112 silly get     vary: 'Accept-Encoding' } ]
113 verbose get saving mkdirp to /home/dickson/.npm/registry.npmjs.org/mkdirp/.cache.json
114 silly resolveWithNewModule ejs@2.5.6 checking installable status
115 silly cache add args [ 'ejs@2.5.6', null ]
116 verbose cache add spec ejs@2.5.6
117 silly cache add parsed spec Result {
117 silly cache add   raw: 'ejs@2.5.6',
117 silly cache add   scope: null,
117 silly cache add   name: 'ejs',
117 silly cache add   rawSpec: '2.5.6',
117 silly cache add   spec: '2.5.6',
117 silly cache add   type: 'version' }
118 silly addNamed ejs@2.5.6
119 verbose addNamed "2.5.6" is a plain semver version for ejs
120 silly mapToRegistry name ejs
121 silly mapToRegistry using default registry
122 silly mapToRegistry registry https://registry.npmjs.org/
123 silly mapToRegistry uri https://registry.npmjs.org/ejs
124 verbose addNameVersion registry:https://registry.npmjs.org/ejs not in flight; fetching
125 verbose get https://registry.npmjs.org/ejs not expired, no request
126 silly resolveWithNewModule mkdirp@0.5.1 checking installable status
127 silly cache add args [ 'mkdirp@0.5.1', null ]
128 verbose cache add spec mkdirp@0.5.1
129 silly cache add parsed spec Result {
129 silly cache add   raw: 'mkdirp@0.5.1',
129 silly cache add   scope: null,
129 silly cache add   name: 'mkdirp',
129 silly cache add   rawSpec: '0.5.1',
129 silly cache add   spec: '0.5.1',
129 silly cache add   type: 'version' }
130 silly addNamed mkdirp@0.5.1
131 verbose addNamed "0.5.1" is a plain semver version for mkdirp
132 silly mapToRegistry name mkdirp
133 silly mapToRegistry using default registry
134 silly mapToRegistry registry https://registry.npmjs.org/
135 silly mapToRegistry uri https://registry.npmjs.org/mkdirp
136 verbose addNameVersion registry:https://registry.npmjs.org/mkdirp not in flight; fetching
137 verbose get https://registry.npmjs.org/mkdirp not expired, no request
138 silly mapToRegistry name ejs
139 silly mapToRegistry using default registry
140 silly mapToRegistry registry https://registry.npmjs.org/
141 silly mapToRegistry uri https://registry.npmjs.org/ejs
142 verbose addRemoteTarball https://registry.npmjs.org/ejs/-/ejs-2.5.6.tgz not in flight; adding
143 verbose addRemoteTarball [ 'https://registry.npmjs.org/ejs/-/ejs-2.5.6.tgz',
143 verbose addRemoteTarball   '479636bfa3fe3b1debd52087f0acb204b4f19c88' ]
144 info retry fetch attempt 1 at 7:30:04 AM
145 info attempt registry request try #1 at 7:30:04 AM
146 http fetch GET https://registry.npmjs.org/ejs/-/ejs-2.5.6.tgz
147 silly cache afterAdd mkdirp@0.5.1
148 verbose afterAdd /home/dickson/.npm/mkdirp/0.5.1/package/package.json not in flight; writing
149 verbose afterAdd /home/dickson/.npm/mkdirp/0.5.1/package/package.json written
150 http 200 https://registry.npmjs.org/commander
151 verbose headers { server: 'nginx/1.10.1',
151 verbose headers   'content-type': 'application/json',
151 verbose headers   'last-modified': 'Wed, 28 Jun 2017 11:41:18 GMT',
151 verbose headers   etag: 'W/"595395de-10c6e"',
151 verbose headers   'content-encoding': 'gzip',
151 verbose headers   'cache-control': 'max-age=300',
151 verbose headers   'content-length': '13668',
151 verbose headers   'accept-ranges': 'bytes',
151 verbose headers   date: 'Thu, 29 Jun 2017 04:30:03 GMT',
151 verbose headers   via: '1.1 varnish',
151 verbose headers   age: '176',
151 verbose headers   connection: 'keep-alive',
151 verbose headers   'x-served-by': 'cache-jnb7522-JNB',
151 verbose headers   'x-cache': 'HIT',
151 verbose headers   'x-cache-hits': '2',
151 verbose headers   'x-timer': 'S1498710604.689608,VS0,VE0',
151 verbose headers   vary: 'Accept-Encoding' }
152 silly get cb [ 200,
152 silly get   { server: 'nginx/1.10.1',
152 silly get     'content-type': 'application/json',
152 silly get     'last-modified': 'Wed, 28 Jun 2017 11:41:18 GMT',
152 silly get     etag: 'W/"595395de-10c6e"',
152 silly get     'content-encoding': 'gzip',
152 silly get     'cache-control': 'max-age=300',
152 silly get     'content-length': '13668',
152 silly get     'accept-ranges': 'bytes',
152 silly get     date: 'Thu, 29 Jun 2017 04:30:03 GMT',
152 silly get     via: '1.1 varnish',
152 silly get     age: '176',
152 silly get     connection: 'keep-alive',
152 silly get     'x-served-by': 'cache-jnb7522-JNB',
152 silly get     'x-cache': 'HIT',
152 silly get     'x-cache-hits': '2',
152 silly get     'x-timer': 'S1498710604.689608,VS0,VE0',
152 silly get     vary: 'Accept-Encoding' } ]
153 verbose get saving commander to /home/dickson/.npm/registry.npmjs.org/commander/.cache.json
154 silly resolveWithNewModule commander@2.9.0 checking installable status
155 silly cache add args [ 'commander@2.9.0', null ]
156 verbose cache add spec commander@2.9.0
157 silly cache add parsed spec Result {
157 silly cache add   raw: 'commander@2.9.0',
157 silly cache add   scope: null,
157 silly cache add   name: 'commander',
157 silly cache add   rawSpec: '2.9.0',
157 silly cache add   spec: '2.9.0',
157 silly cache add   type: 'version' }
158 silly addNamed commander@2.9.0
159 verbose addNamed "2.9.0" is a plain semver version for commander
160 silly mapToRegistry name commander
161 silly mapToRegistry using default registry
162 silly mapToRegistry registry https://registry.npmjs.org/
163 silly mapToRegistry uri https://registry.npmjs.org/commander
164 verbose addNameVersion registry:https://registry.npmjs.org/commander not in flight; fetching
165 verbose get https://registry.npmjs.org/commander not expired, no request
166 silly cache afterAdd commander@2.9.0
167 verbose afterAdd /home/dickson/.npm/commander/2.9.0/package/package.json not in flight; writing
168 verbose afterAdd /home/dickson/.npm/commander/2.9.0/package/package.json written
169 http 200 https://registry.npmjs.org/sorted-object
170 verbose headers { server: 'nginx/1.10.1',
170 verbose headers   'content-type': 'application/json',
170 verbose headers   'last-modified': 'Sat, 10 Sep 2016 23:39:29 GMT',
170 verbose headers   etag: 'W/"57d499b1-1545"',
170 verbose headers   'content-encoding': 'gzip',
170 verbose headers   'cache-control': 'max-age=300',
170 verbose headers   'content-length': '1619',
170 verbose headers   'accept-ranges': 'bytes',
170 verbose headers   date: 'Thu, 29 Jun 2017 04:30:04 GMT',
170 verbose headers   via: '1.1 varnish',
170 verbose headers   age: '0',
170 verbose headers   connection: 'keep-alive',
170 verbose headers   'x-served-by': 'cache-jnb7520-JNB',
170 verbose headers   'x-cache': 'MISS',
170 verbose headers   'x-cache-hits': '0',
170 verbose headers   'x-timer': 'S1498710604.579124,VS0,VE735',
170 verbose headers   vary: 'Accept-Encoding' }
171 silly get cb [ 200,
171 silly get   { server: 'nginx/1.10.1',
171 silly get     'content-type': 'application/json',
171 silly get     'last-modified': 'Sat, 10 Sep 2016 23:39:29 GMT',
171 silly get     etag: 'W/"57d499b1-1545"',
171 silly get     'content-encoding': 'gzip',
171 silly get     'cache-control': 'max-age=300',
171 silly get     'content-length': '1619',
171 silly get     'accept-ranges': 'bytes',
171 silly get     date: 'Thu, 29 Jun 2017 04:30:04 GMT',
171 silly get     via: '1.1 varnish',
171 silly get     age: '0',
171 silly get     connection: 'keep-alive',
171 silly get     'x-served-by': 'cache-jnb7520-JNB',
171 silly get     'x-cache': 'MISS',
171 silly get     'x-cache-hits': '0',
171 silly get     'x-timer': 'S1498710604.579124,VS0,VE735',
171 silly get     vary: 'Accept-Encoding' } ]
172 verbose get saving sorted-object to /home/dickson/.npm/registry.npmjs.org/sorted-object/.cache.json
173 silly resolveWithNewModule sorted-object@2.0.1 checking installable status
174 silly cache add args [ 'sorted-object@2.0.1', null ]
175 verbose cache add spec sorted-object@2.0.1
176 silly cache add parsed spec Result {
176 silly cache add   raw: 'sorted-object@2.0.1',
176 silly cache add   scope: null,
176 silly cache add   name: 'sorted-object',
176 silly cache add   rawSpec: '2.0.1',
176 silly cache add   spec: '2.0.1',
176 silly cache add   type: 'version' }
177 silly addNamed sorted-object@2.0.1
178 verbose addNamed "2.0.1" is a plain semver version for sorted-object
179 silly mapToRegistry name sorted-object
180 silly mapToRegistry using default registry
181 silly mapToRegistry registry https://registry.npmjs.org/
182 silly mapToRegistry uri https://registry.npmjs.org/sorted-object
183 verbose addNameVersion registry:https://registry.npmjs.org/sorted-object not in flight; fetching
184 verbose get https://registry.npmjs.org/sorted-object not expired, no request
185 silly mapToRegistry name sorted-object
186 silly mapToRegistry using default registry
187 silly mapToRegistry registry https://registry.npmjs.org/
188 silly mapToRegistry uri https://registry.npmjs.org/sorted-object
189 verbose addRemoteTarball https://registry.npmjs.org/sorted-object/-/sorted-object-2.0.1.tgz not in flight; adding
190 verbose addRemoteTarball [ 'https://registry.npmjs.org/sorted-object/-/sorted-object-2.0.1.tgz',
190 verbose addRemoteTarball   '7d631f4bd3a798a24af1dffcfbfe83337a5df5fc' ]
191 info retry fetch attempt 1 at 7:30:04 AM
192 info attempt registry request try #1 at 7:30:04 AM
193 http fetch GET https://registry.npmjs.org/sorted-object/-/sorted-object-2.0.1.tgz
194 http fetch 200 https://registry.npmjs.org/ejs/-/ejs-2.5.6.tgz
195 silly fetchAndShaCheck shasum 479636bfa3fe3b1debd52087f0acb204b4f19c88
196 verbose addTmpTarball /tmp/npm-5611-f1822692/registry.npmjs.org/ejs/-/ejs-2.5.6.tgz not in flight; adding
197 verbose addTmpTarball already have metadata; skipping unpack for ejs@2.5.6
198 silly cache afterAdd ejs@2.5.6
199 verbose afterAdd /home/dickson/.npm/ejs/2.5.6/package/package.json not in flight; writing
200 verbose afterAdd /home/dickson/.npm/ejs/2.5.6/package/package.json written
201 http fetch 200 https://registry.npmjs.org/sorted-object/-/sorted-object-2.0.1.tgz
202 silly fetchAndShaCheck shasum 7d631f4bd3a798a24af1dffcfbfe83337a5df5fc
203 verbose addTmpTarball /tmp/npm-5611-f1822692/registry.npmjs.org/sorted-object/-/sorted-object-2.0.1.tgz not in flight; adding
204 verbose addTmpTarball already have metadata; skipping unpack for sorted-object@2.0.1
205 silly cache afterAdd sorted-object@2.0.1
206 verbose afterAdd /home/dickson/.npm/sorted-object/2.0.1/package/package.json not in flight; writing
207 verbose afterAdd /home/dickson/.npm/sorted-object/2.0.1/package/package.json written
208 silly fetchNamedPackageData graceful-readlink
209 silly mapToRegistry name graceful-readlink
210 silly mapToRegistry using default registry
211 silly mapToRegistry registry https://registry.npmjs.org/
212 silly mapToRegistry uri https://registry.npmjs.org/graceful-readlink
213 verbose request uri https://registry.npmjs.org/graceful-readlink
214 verbose request no auth needed
215 info attempt registry request try #1 at 7:30:06 AM
216 verbose etag W/"585ef90e-c1b"
217 verbose lastModified Sat, 24 Dec 2016 22:39:10 GMT
218 http request GET https://registry.npmjs.org/graceful-readlink
219 http 304 https://registry.npmjs.org/graceful-readlink
220 verbose headers { date: 'Thu, 29 Jun 2017 04:30:07 GMT',
220 verbose headers   via: '1.1 varnish',
220 verbose headers   'cache-control': 'max-age=300',
220 verbose headers   etag: 'W/"585ef90e-c1b"',
220 verbose headers   age: '180',
220 verbose headers   connection: 'keep-alive',
220 verbose headers   'x-served-by': 'cache-jnb7523-JNB',
220 verbose headers   'x-cache': 'HIT',
220 verbose headers   'x-cache-hits': '1',
220 verbose headers   'x-timer': 'S1498710608.634951,VS0,VE0',
220 verbose headers   vary: 'Accept-Encoding' }
221 silly get cb [ 304,
221 silly get   { date: 'Thu, 29 Jun 2017 04:30:07 GMT',
221 silly get     via: '1.1 varnish',
221 silly get     'cache-control': 'max-age=300',
221 silly get     etag: 'W/"585ef90e-c1b"',
221 silly get     age: '180',
221 silly get     connection: 'keep-alive',
221 silly get     'x-served-by': 'cache-jnb7523-JNB',
221 silly get     'x-cache': 'HIT',
221 silly get     'x-cache-hits': '1',
221 silly get     'x-timer': 'S1498710608.634951,VS0,VE0',
221 silly get     vary: 'Accept-Encoding' } ]
222 verbose etag https://registry.npmjs.org/graceful-readlink from cache
223 verbose get saving graceful-readlink to /home/dickson/.npm/registry.npmjs.org/graceful-readlink/.cache.json
224 silly resolveWithNewModule graceful-readlink@1.0.1 checking installable status
225 silly cache add args [ 'graceful-readlink@>= 1.0.0', null ]
226 verbose cache add spec graceful-readlink@>= 1.0.0
227 silly cache add parsed spec Result {
227 silly cache add   raw: 'graceful-readlink@>= 1.0.0',
227 silly cache add   scope: null,
227 silly cache add   name: 'graceful-readlink',
227 silly cache add   rawSpec: '>= 1.0.0',
227 silly cache add   spec: '>=1.0.0',
227 silly cache add   type: 'range' }
228 silly addNamed graceful-readlink@>=1.0.0
229 verbose addNamed ">=1.0.0" is a valid semver range for graceful-readlink
230 silly addNameRange { name: 'graceful-readlink', range: '>=1.0.0', hasData: false }
231 silly mapToRegistry name graceful-readlink
232 silly mapToRegistry using default registry
233 silly mapToRegistry registry https://registry.npmjs.org/
234 silly mapToRegistry uri https://registry.npmjs.org/graceful-readlink
235 verbose addNameRange registry:https://registry.npmjs.org/graceful-readlink not in flight; fetching
236 verbose get https://registry.npmjs.org/graceful-readlink not expired, no request
237 silly addNameRange number 2 { name: 'graceful-readlink', range: '>=1.0.0', hasData: true }
238 silly addNameRange versions [ 'graceful-readlink', [ '1.0.0', '1.0.1' ] ]
239 silly addNamed graceful-readlink@1.0.1
240 verbose addNamed "1.0.1" is a plain semver version for graceful-readlink
241 silly cache afterAdd graceful-readlink@1.0.1
242 verbose afterAdd /home/dickson/.npm/graceful-readlink/1.0.1/package/package.json not in flight; writing
243 verbose afterAdd /home/dickson/.npm/graceful-readlink/1.0.1/package/package.json written
244 silly fetchNamedPackageData minimist
245 silly mapToRegistry name minimist
246 silly mapToRegistry using default registry
247 silly mapToRegistry registry https://registry.npmjs.org/
248 silly mapToRegistry uri https://registry.npmjs.org/minimist
249 verbose request uri https://registry.npmjs.org/minimist
250 verbose request no auth needed
251 info attempt registry request try #1 at 7:30:07 AM
252 verbose etag W/"5908d368-7548"
253 verbose lastModified Tue, 02 May 2017 18:43:52 GMT
254 http request GET https://registry.npmjs.org/minimist
255 http 200 https://registry.npmjs.org/minimist
256 verbose headers { server: 'nginx/1.10.1',
256 verbose headers   'content-type': 'application/json',
256 verbose headers   'last-modified': 'Tue, 27 Jun 2017 11:35:23 GMT',
256 verbose headers   etag: 'W/"595242fb-7638"',
256 verbose headers   'content-encoding': 'gzip',
256 verbose headers   'cache-control': 'max-age=300',
256 verbose headers   'content-length': '5856',
256 verbose headers   'accept-ranges': 'bytes',
256 verbose headers   date: 'Thu, 29 Jun 2017 04:30:08 GMT',
256 verbose headers   via: '1.1 varnish',
256 verbose headers   age: '50',
256 verbose headers   connection: 'keep-alive',
256 verbose headers   'x-served-by': 'cache-jnb7523-JNB',
256 verbose headers   'x-cache': 'HIT',
256 verbose headers   'x-cache-hits': '3',
256 verbose headers   'x-timer': 'S1498710609.915484,VS0,VE0',
256 verbose headers   vary: 'Accept-Encoding' }
257 silly get cb [ 200,
257 silly get   { server: 'nginx/1.10.1',
257 silly get     'content-type': 'application/json',
257 silly get     'last-modified': 'Tue, 27 Jun 2017 11:35:23 GMT',
257 silly get     etag: 'W/"595242fb-7638"',
257 silly get     'content-encoding': 'gzip',
257 silly get     'cache-control': 'max-age=300',
257 silly get     'content-length': '5856',
257 silly get     'accept-ranges': 'bytes',
257 silly get     date: 'Thu, 29 Jun 2017 04:30:08 GMT',
257 silly get     via: '1.1 varnish',
257 silly get     age: '50',
257 silly get     connection: 'keep-alive',
257 silly get     'x-served-by': 'cache-jnb7523-JNB',
257 silly get     'x-cache': 'HIT',
257 silly get     'x-cache-hits': '3',
257 silly get     'x-timer': 'S1498710609.915484,VS0,VE0',
257 silly get     vary: 'Accept-Encoding' } ]
258 verbose get saving minimist to /home/dickson/.npm/registry.npmjs.org/minimist/.cache.json
259 silly resolveWithNewModule minimist@0.0.8 checking installable status
260 silly cache add args [ 'minimist@0.0.8', null ]
261 verbose cache add spec minimist@0.0.8
262 silly cache add parsed spec Result {
262 silly cache add   raw: 'minimist@0.0.8',
262 silly cache add   scope: null,
262 silly cache add   name: 'minimist',
262 silly cache add   rawSpec: '0.0.8',
262 silly cache add   spec: '0.0.8',
262 silly cache add   type: 'version' }
263 silly addNamed minimist@0.0.8
264 verbose addNamed "0.0.8" is a plain semver version for minimist
265 silly mapToRegistry name minimist
266 silly mapToRegistry using default registry
267 silly mapToRegistry registry https://registry.npmjs.org/
268 silly mapToRegistry uri https://registry.npmjs.org/minimist
269 verbose addNameVersion registry:https://registry.npmjs.org/minimist not in flight; fetching
270 verbose get https://registry.npmjs.org/minimist not expired, no request
271 silly cache afterAdd minimist@0.0.8
272 verbose afterAdd /home/dickson/.npm/minimist/0.0.8/package/package.json not in flight; writing
273 verbose afterAdd /home/dickson/.npm/minimist/0.0.8/package/package.json written
274 silly loadAllDepsIntoIdealTree Finishing
275 silly idealTree:prePrune lib
275 silly idealTree:prePrune └─┬ express-generator@4.15.0
275 silly idealTree:prePrune   ├── commander@2.9.0
275 silly idealTree:prePrune   ├── ejs@2.5.6
275 silly idealTree:prePrune   ├── graceful-readlink@1.0.1
275 silly idealTree:prePrune   ├── minimist@0.0.8
275 silly idealTree:prePrune   ├── mkdirp@0.5.1
275 silly idealTree:prePrune   └── sorted-object@2.0.1
276 silly loadIdealTree Finishing
277 silly currentTree lib
278 silly idealTree lib
278 silly idealTree └─┬ express-generator@4.15.0
278 silly idealTree   ├── commander@2.9.0
278 silly idealTree   ├── ejs@2.5.6
278 silly idealTree   ├── graceful-readlink@1.0.1
278 silly idealTree   ├── minimist@0.0.8
278 silly idealTree   ├── mkdirp@0.5.1
278 silly idealTree   └── sorted-object@2.0.1
279 silly generateActionsToTake Starting
280 silly install generateActionsToTake
281 warn checkPermissions Missing write access to /usr/local/lib/node_modules
282 silly rollbackFailedOptional Starting
283 silly rollbackFailedOptional Finishing
284 silly runTopLevelLifecycles Starting
285 silly runTopLevelLifecycles Finishing
286 silly install printInstalled
287 verbose stack Error: EACCES: permission denied, access '/usr/local/lib/node_modules'
287 verbose stack     at Error (native)
288 verbose cwd /home/dickson/Desktop/node/express/vivexpress
289 error Linux 4.8.0-56-generic
290 error argv "/usr/bin/nodejs" "/usr/bin/npm" "install" "express-generator" "-g"
291 error node v4.2.6
292 error npm  v3.5.2
293 error path /usr/local/lib/node_modules
294 error code EACCES
295 error errno -13
296 error syscall access
297 error Error: EACCES: permission denied, access '/usr/local/lib/node_modules'
297 error     at Error (native)
297 error  { [Error: EACCES: permission denied, access '/usr/local/lib/node_modules']
297 error   errno: -13,
297 error   code: 'EACCES',
297 error   syscall: 'access',
297 error   path: '/usr/local/lib/node_modules' }
298 error Please try running this command again as root/Administrator.
299 verbose exit [ -13, true ]
